<?xml version="1.0" encoding="UTF-8"?>
<robot generator="Robot 7.4.1 (Python 3.12.6 on win32)" generated="2026-02-21T00:43:25.583251" rpa="false" schemaversion="5">
<suite id="s1" name="Hw Single Fail" source="C:\Users\User\OneDrive\Documents\Prine Class\cu_robot_framework\testcases\master\hw_single_fail.robot">
<test id="s1-t1" name="Verify hotel booking form - single fail firstname" line="8">
<kw name="Open browser student registration form" owner="homepage">
<kw name="Open Browser" owner="SeleniumLibrary">
<msg time="2026-02-21T00:43:25.780558" level="INFO">Opening browser 'chrome' to base url 'https://form.jotform.com/212934779973474'.</msg>
<arg>${WEB_URL}</arg>
<arg>${WEB_BROWSER}</arg>
<doc>Opens a new browser instance to the optional ``url``.</doc>
<status status="PASS" start="2026-02-21T00:43:25.779556" elapsed="6.462167"/>
</kw>
<kw name="Maximize Browser Window" owner="SeleniumLibrary">
<doc>Maximizes current browser window.</doc>
<status status="PASS" start="2026-02-21T00:43:32.241723" elapsed="0.041738"/>
</kw>
<kw name="Sleep" owner="BuiltIn">
<msg time="2026-02-21T00:43:34.285884" level="INFO">Slept 2 seconds.</msg>
<arg>2</arg>
<doc>Pauses the test executed for the given time.</doc>
<status status="PASS" start="2026-02-21T00:43:32.284461" elapsed="2.001423"/>
</kw>
<status status="PASS" start="2026-02-21T00:43:25.779556" elapsed="8.506328"/>
</kw>
<kw name="Wait student registration load complete" owner="homepage">
<kw name="Wait Until Element Contains" owner="SeleniumLibrary">
<arg>//*[@id='header_1']</arg>
<arg>${test_data_form_name}</arg>
<doc>Waits until the element ``locator`` contains ``text``.</doc>
<status status="PASS" start="2026-02-21T00:43:34.287994" elapsed="0.051641"/>
</kw>
<status status="PASS" start="2026-02-21T00:43:34.286993" elapsed="0.053642"/>
</kw>
<kw name="Input and verify lastname" owner="homepage">
<kw name="Input Text" owner="SeleniumLibrary">
<msg time="2026-02-21T00:43:34.342212" level="INFO">Typing text 'studentFirstName' into text field '//*[@id='input_49']'.</msg>
<arg>//*[@id='input_49']</arg>
<arg>${test_data_firstname}</arg>
<doc>Types the given ``text`` into the text field identified by ``locator``.</doc>
<status status="PASS" start="2026-02-21T00:43:34.342212" elapsed="0.228857"/>
</kw>
<kw name="Get Value" owner="SeleniumLibrary">
<msg time="2026-02-21T00:43:34.594220" level="INFO">${lastname} = studentFirstName</msg>
<var>${lastname}</var>
<arg>//*[@id='input_49']</arg>
<doc>Returns the value attribute of the element identified by ``locator``.</doc>
<status status="PASS" start="2026-02-21T00:43:34.572071" elapsed="0.022149"/>
</kw>
<kw name="Should Be Equal" owner="BuiltIn">
<arg>${lastname}</arg>
<arg>${test_data_firstname}</arg>
<doc>Fails if the given objects are unequal.</doc>
<status status="PASS" start="2026-02-21T00:43:34.594733" elapsed="0.001203"/>
</kw>
<status status="PASS" start="2026-02-21T00:43:34.341193" elapsed="0.255264"/>
</kw>
<kw name="Select From List By Label" owner="SeleniumLibrary">
<msg time="2026-02-21T00:43:34.597494" level="INFO">Selecting options from selection list 'id=input_3' by label Male.</msg>
<arg>id=input_3</arg>
<arg>Male</arg>
<doc>Selects options from selection list ``locator`` by ``labels``.</doc>
<status status="PASS" start="2026-02-21T00:43:34.596977" elapsed="0.161005"/>
</kw>
<kw name="Input and verify student_id" owner="homepage">
<kw name="Input Text" owner="SeleniumLibrary">
<msg time="2026-02-21T00:43:34.759981" level="INFO">Typing text '6299999999' into text field '//*[@id='input_14']'.</msg>
<arg>//*[@id='input_14']</arg>
<arg>${test_data_student_id}</arg>
<doc>Types the given ``text`` into the text field identified by ``locator``.</doc>
<status status="PASS" start="2026-02-21T00:43:34.758983" elapsed="0.238118"/>
</kw>
<kw name="Get Value" owner="SeleniumLibrary">
<msg time="2026-02-21T00:43:35.028985" level="INFO">${student_id} = 6299999999</msg>
<var>${student_id}</var>
<arg>//*[@id='input_14']</arg>
<doc>Returns the value attribute of the element identified by ``locator``.</doc>
<status status="PASS" start="2026-02-21T00:43:34.997101" elapsed="0.031884"/>
</kw>
<kw name="Should Be Equal" owner="BuiltIn">
<arg>${student_id}</arg>
<arg>${test_data_student_id}</arg>
<doc>Fails if the given objects are unequal.</doc>
<status status="PASS" start="2026-02-21T00:43:35.028985" elapsed="0.000000"/>
</kw>
<status status="PASS" start="2026-02-21T00:43:34.758983" elapsed="0.271001"/>
</kw>
<kw name="Input and verify mobile_number" owner="homepage">
<kw name="Input Text" owner="SeleniumLibrary">
<msg time="2026-02-21T00:43:35.030239" level="INFO">Typing text '0899999999' into text field '//*[@id='input_27_full']'.</msg>
<arg>//*[@id='input_27_full']</arg>
<arg>${test_data_mobile_number}</arg>
<doc>Types the given ``text`` into the text field identified by ``locator``.</doc>
<status status="PASS" start="2026-02-21T00:43:35.030239" elapsed="0.176943"/>
</kw>
<kw name="Get Value" owner="SeleniumLibrary">
<msg time="2026-02-21T00:43:35.227565" level="INFO">${mobile_number} = (089) 999-9999</msg>
<var>${mobile_number}</var>
<arg>//*[@id='input_27_full']</arg>
<doc>Returns the value attribute of the element identified by ``locator``.</doc>
<status status="PASS" start="2026-02-21T00:43:35.207182" elapsed="0.021399"/>
</kw>
<kw name="Should Be Equal" owner="BuiltIn">
<arg>${mobile_number}</arg>
<arg>(089) 999-9999</arg>
<doc>Fails if the given objects are unequal.</doc>
<status status="PASS" start="2026-02-21T00:43:35.228581" elapsed="0.000999"/>
</kw>
<status status="PASS" start="2026-02-21T00:43:35.030239" elapsed="0.199341"/>
</kw>
<kw name="Input and verify email" owner="homepage">
<kw name="Input Text" owner="SeleniumLibrary">
<msg time="2026-02-21T00:43:35.231581" level="INFO">Typing text 'studentName@chula.ac.th' into text field '//*[@id='input_6']'.</msg>
<arg>//*[@id='input_6']</arg>
<arg>${test_data_email}</arg>
<doc>Types the given ``text`` into the text field identified by ``locator``.</doc>
<status status="PASS" start="2026-02-21T00:43:35.230581" elapsed="0.140248"/>
</kw>
<kw name="Get Value" owner="SeleniumLibrary">
<msg time="2026-02-21T00:43:35.384840" level="INFO">${email} = studentName@chula.ac.th</msg>
<var>${email}</var>
<arg>//*[@id='input_6']</arg>
<doc>Returns the value attribute of the element identified by ``locator``.</doc>
<status status="PASS" start="2026-02-21T00:43:35.370829" elapsed="0.014011"/>
</kw>
<kw name="Should Be Equal" owner="BuiltIn">
<arg>${email}</arg>
<arg>${test_data_email}</arg>
<doc>Fails if the given objects are unequal.</doc>
<status status="PASS" start="2026-02-21T00:43:35.384840" elapsed="0.001015"/>
</kw>
<status status="PASS" start="2026-02-21T00:43:35.230581" elapsed="0.155274"/>
</kw>
<kw name="Click Element" owner="commonKeywords">
<kw name="Wait Until Element Is Visible" owner="SeleniumLibrary">
<arg>${locator}</arg>
<arg>timeout=${timeout}</arg>
<doc>Waits until the element ``locator`` is visible.</doc>
<status status="PASS" start="2026-02-21T00:43:35.387856" elapsed="0.048778"/>
</kw>
<kw name="Click Element" owner="SeleniumLibrary">
<msg time="2026-02-21T00:43:35.437631" level="INFO">Clicking element 'id=label_input_51_0'.</msg>
<arg>${locator}</arg>
<doc>Click the element identified by ``locator``.</doc>
<status status="PASS" start="2026-02-21T00:43:35.437631" elapsed="0.123665"/>
</kw>
<arg>id=label_input_51_0</arg>
<doc>${locator} - could be any selenium locator and webelement object
${timeout} - &lt;optional&gt;
Make sure that 15 can be accessed globally</doc>
<status status="PASS" start="2026-02-21T00:43:35.387856" elapsed="0.173440"/>
</kw>
<kw name="Click submit application" owner="homepage">
<kw name="Wait Until Element Is Visible" owner="SeleniumLibrary">
<arg>//*[@id='form-pagebreak-next_76']</arg>
<doc>Waits until the element ``locator`` is visible.</doc>
<status status="PASS" start="2026-02-21T00:43:35.563318" elapsed="0.021592"/>
</kw>
<kw name="Click Element" owner="commonKeywords">
<kw name="Wait Until Element Is Visible" owner="SeleniumLibrary">
<arg>${locator}</arg>
<arg>timeout=${timeout}</arg>
<doc>Waits until the element ``locator`` is visible.</doc>
<status status="PASS" start="2026-02-21T00:43:35.587186" elapsed="0.050825"/>
</kw>
<kw name="Click Element" owner="SeleniumLibrary">
<msg time="2026-02-21T00:43:35.640017" level="INFO">Clicking element '//*[@id='form-pagebreak-next_76']'.</msg>
<arg>${locator}</arg>
<doc>Click the element identified by ``locator``.</doc>
<status status="PASS" start="2026-02-21T00:43:35.639013" elapsed="0.106847"/>
</kw>
<arg>//*[@id='form-pagebreak-next_76']</arg>
<doc>${locator} - could be any selenium locator and webelement object
${timeout} - &lt;optional&gt;
Make sure that 15 can be accessed globally</doc>
<status status="PASS" start="2026-02-21T00:43:35.587186" elapsed="0.158674"/>
</kw>
<status status="PASS" start="2026-02-21T00:43:35.563318" elapsed="0.182542"/>
</kw>
<kw name="Element Should Contain" owner="SeleniumLibrary">
<msg time="2026-02-21T00:43:35.764689" level="INFO">Element 'id=error-message_input_48' contains text 'This field is required.'.</msg>
<arg>id=error-message_input_48</arg>
<arg>This field is required.</arg>
<doc>Verifies that element ``locator`` contains text ``expected``.</doc>
<status status="PASS" start="2026-02-21T00:43:35.745860" elapsed="0.018829"/>
</kw>
<kw name="Close All Browsers" owner="SeleniumLibrary" type="TEARDOWN">
<doc>Closes all open browsers and resets the browser cache.</doc>
<status status="PASS" start="2026-02-21T00:43:35.765271" elapsed="2.169620"/>
</kw>
<status status="PASS" start="2026-02-21T00:43:25.778556" elapsed="12.157556"/>
</test>
<test id="s1-t2" name="Verify hotel booking form - single fail studentId" line="26">
<kw name="Open browser student registration form" owner="homepage">
<kw name="Open Browser" owner="SeleniumLibrary">
<msg time="2026-02-21T00:43:37.940133" level="INFO">Opening browser 'chrome' to base url 'https://form.jotform.com/212934779973474'.</msg>
<arg>${WEB_URL}</arg>
<arg>${WEB_BROWSER}</arg>
<doc>Opens a new browser instance to the optional ``url``.</doc>
<status status="PASS" start="2026-02-21T00:43:37.939140" elapsed="6.780167"/>
</kw>
<kw name="Maximize Browser Window" owner="SeleniumLibrary">
<doc>Maximizes current browser window.</doc>
<status status="PASS" start="2026-02-21T00:43:44.719307" elapsed="0.049300"/>
</kw>
<kw name="Sleep" owner="BuiltIn">
<msg time="2026-02-21T00:43:46.769788" level="INFO">Slept 2 seconds.</msg>
<arg>2</arg>
<doc>Pauses the test executed for the given time.</doc>
<status status="PASS" start="2026-02-21T00:43:44.768607" elapsed="2.001181"/>
</kw>
<status status="PASS" start="2026-02-21T00:43:37.939140" elapsed="8.830648"/>
</kw>
<kw name="Wait student registration load complete" owner="homepage">
<kw name="Wait Until Element Contains" owner="SeleniumLibrary">
<arg>//*[@id='header_1']</arg>
<arg>${test_data_form_name}</arg>
<doc>Waits until the element ``locator`` contains ``text``.</doc>
<status status="PASS" start="2026-02-21T00:43:46.771795" elapsed="0.034006"/>
</kw>
<status status="PASS" start="2026-02-21T00:43:46.770796" elapsed="0.036005"/>
</kw>
<kw name="Input and verify firstname" owner="homepage">
<kw name="Input Text" owner="SeleniumLibrary">
<msg time="2026-02-21T00:43:46.807801" level="INFO">Typing text 'studentFirstName' into text field '//*[@id='input_48']'.</msg>
<arg>//*[@id='input_48']</arg>
<arg>${test_data_firstname}</arg>
<doc>Types the given ``text`` into the text field identified by ``locator``.</doc>
<status status="PASS" start="2026-02-21T00:43:46.807801" elapsed="0.134991"/>
</kw>
<kw name="Get Value" owner="SeleniumLibrary">
<msg time="2026-02-21T00:43:46.961254" level="INFO">${firstname} = studentFirstName</msg>
<var>${firstname}</var>
<arg>//*[@id='input_48']</arg>
<doc>Returns the value attribute of the element identified by ``locator``.</doc>
<status status="PASS" start="2026-02-21T00:43:46.942792" elapsed="0.018462"/>
</kw>
<kw name="Should Be Equal" owner="BuiltIn">
<arg>${firstname}</arg>
<arg>${test_data_firstname}</arg>
<doc>Fails if the given objects are unequal.</doc>
<status status="PASS" start="2026-02-21T00:43:46.961254" elapsed="0.001021"/>
</kw>
<status status="PASS" start="2026-02-21T00:43:46.806801" elapsed="0.155474"/>
</kw>
<kw name="Input and verify lastname" owner="homepage">
<kw name="Input Text" owner="SeleniumLibrary">
<msg time="2026-02-21T00:43:46.963277" level="INFO">Typing text 'studentFirstName' into text field '//*[@id='input_49']'.</msg>
<arg>//*[@id='input_49']</arg>
<arg>${test_data_firstname}</arg>
<doc>Types the given ``text`` into the text field identified by ``locator``.</doc>
<status status="PASS" start="2026-02-21T00:43:46.963277" elapsed="0.144427"/>
</kw>
<kw name="Get Value" owner="SeleniumLibrary">
<msg time="2026-02-21T00:43:47.117452" level="INFO">${lastname} = studentFirstName</msg>
<var>${lastname}</var>
<arg>//*[@id='input_49']</arg>
<doc>Returns the value attribute of the element identified by ``locator``.</doc>
<status status="PASS" start="2026-02-21T00:43:47.107704" elapsed="0.010768"/>
</kw>
<kw name="Should Be Equal" owner="BuiltIn">
<arg>${lastname}</arg>
<arg>${test_data_firstname}</arg>
<doc>Fails if the given objects are unequal.</doc>
<status status="PASS" start="2026-02-21T00:43:47.118472" elapsed="0.000997"/>
</kw>
<status status="PASS" start="2026-02-21T00:43:46.963277" elapsed="0.156192"/>
</kw>
<kw name="Select From List By Label" owner="SeleniumLibrary">
<msg time="2026-02-21T00:43:47.119469" level="INFO">Selecting options from selection list 'id=input_3' by label Male.</msg>
<arg>id=input_3</arg>
<arg>Male</arg>
<doc>Selects options from selection list ``locator`` by ``labels``.</doc>
<status status="PASS" start="2026-02-21T00:43:47.119469" elapsed="0.179566"/>
</kw>
<kw name="Input and verify mobile_number" owner="homepage">
<kw name="Input Text" owner="SeleniumLibrary">
<msg time="2026-02-21T00:43:47.300034" level="INFO">Typing text '0899999999' into text field '//*[@id='input_27_full']'.</msg>
<arg>//*[@id='input_27_full']</arg>
<arg>${test_data_mobile_number}</arg>
<doc>Types the given ``text`` into the text field identified by ``locator``.</doc>
<status status="PASS" start="2026-02-21T00:43:47.299035" elapsed="0.170396"/>
</kw>
<kw name="Get Value" owner="SeleniumLibrary">
<msg time="2026-02-21T00:43:47.482129" level="INFO">${mobile_number} = (089) 999-9999</msg>
<var>${mobile_number}</var>
<arg>//*[@id='input_27_full']</arg>
<doc>Returns the value attribute of the element identified by ``locator``.</doc>
<status status="PASS" start="2026-02-21T00:43:47.470432" elapsed="0.011697"/>
</kw>
<kw name="Should Be Equal" owner="BuiltIn">
<arg>${mobile_number}</arg>
<arg>(089) 999-9999</arg>
<doc>Fails if the given objects are unequal.</doc>
<status status="PASS" start="2026-02-21T00:43:47.482129" elapsed="0.000985"/>
</kw>
<status status="PASS" start="2026-02-21T00:43:47.299035" elapsed="0.184079"/>
</kw>
<kw name="Input and verify email" owner="homepage">
<kw name="Input Text" owner="SeleniumLibrary">
<msg time="2026-02-21T00:43:47.484111" level="INFO">Typing text 'studentName@chula.ac.th' into text field '//*[@id='input_6']'.</msg>
<arg>//*[@id='input_6']</arg>
<arg>${test_data_email}</arg>
<doc>Types the given ``text`` into the text field identified by ``locator``.</doc>
<status status="PASS" start="2026-02-21T00:43:47.483114" elapsed="0.136293"/>
</kw>
<kw name="Get Value" owner="SeleniumLibrary">
<msg time="2026-02-21T00:43:47.657662" level="INFO">${email} = studentName@chula.ac.th</msg>
<var>${email}</var>
<arg>//*[@id='input_6']</arg>
<doc>Returns the value attribute of the element identified by ``locator``.</doc>
<status status="PASS" start="2026-02-21T00:43:47.619407" elapsed="0.038255"/>
</kw>
<kw name="Should Be Equal" owner="BuiltIn">
<arg>${email}</arg>
<arg>${test_data_email}</arg>
<doc>Fails if the given objects are unequal.</doc>
<status status="PASS" start="2026-02-21T00:43:47.657662" elapsed="0.000000"/>
</kw>
<status status="PASS" start="2026-02-21T00:43:47.483114" elapsed="0.175589"/>
</kw>
<kw name="Click Element" owner="commonKeywords">
<kw name="Wait Until Element Is Visible" owner="SeleniumLibrary">
<arg>${locator}</arg>
<arg>timeout=${timeout}</arg>
<doc>Waits until the element ``locator`` is visible.</doc>
<status status="PASS" start="2026-02-21T00:43:47.661767" elapsed="0.053994"/>
</kw>
<kw name="Click Element" owner="SeleniumLibrary">
<msg time="2026-02-21T00:43:47.715761" level="INFO">Clicking element 'id=label_input_51_0'.</msg>
<arg>${locator}</arg>
<doc>Click the element identified by ``locator``.</doc>
<status status="PASS" start="2026-02-21T00:43:47.715761" elapsed="0.137266"/>
</kw>
<arg>id=label_input_51_0</arg>
<doc>${locator} - could be any selenium locator and webelement object
${timeout} - &lt;optional&gt;
Make sure that 15 can be accessed globally</doc>
<status status="PASS" start="2026-02-21T00:43:47.660761" elapsed="0.192266"/>
</kw>
<kw name="Click submit application" owner="homepage">
<kw name="Wait Until Element Is Visible" owner="SeleniumLibrary">
<arg>//*[@id='form-pagebreak-next_76']</arg>
<doc>Waits until the element ``locator`` is visible.</doc>
<status status="PASS" start="2026-02-21T00:43:47.855884" elapsed="0.021395"/>
</kw>
<kw name="Click Element" owner="commonKeywords">
<kw name="Wait Until Element Is Visible" owner="SeleniumLibrary">
<arg>${locator}</arg>
<arg>timeout=${timeout}</arg>
<doc>Waits until the element ``locator`` is visible.</doc>
<status status="PASS" start="2026-02-21T00:43:47.880303" elapsed="0.020825"/>
</kw>
<kw name="Click Element" owner="SeleniumLibrary">
<msg time="2026-02-21T00:43:47.902210" level="INFO">Clicking element '//*[@id='form-pagebreak-next_76']'.</msg>
<arg>${locator}</arg>
<doc>Click the element identified by ``locator``.</doc>
<status status="PASS" start="2026-02-21T00:43:47.901128" elapsed="0.189534"/>
</kw>
<arg>//*[@id='form-pagebreak-next_76']</arg>
<doc>${locator} - could be any selenium locator and webelement object
${timeout} - &lt;optional&gt;
Make sure that 15 can be accessed globally</doc>
<status status="PASS" start="2026-02-21T00:43:47.879278" elapsed="0.211384"/>
</kw>
<status status="PASS" start="2026-02-21T00:43:47.854384" elapsed="0.236821"/>
</kw>
<kw name="Element Should Contain" owner="SeleniumLibrary">
<msg time="2026-02-21T00:43:48.115191" level="INFO">Element 'id=error-message_input_14' contains text 'This field is required.'.</msg>
<arg>id=error-message_input_14</arg>
<arg>This field is required.</arg>
<doc>Verifies that element ``locator`` contains text ``expected``.</doc>
<status status="PASS" start="2026-02-21T00:43:48.092237" elapsed="0.022954"/>
</kw>
<kw name="Close All Browsers" owner="SeleniumLibrary" type="TEARDOWN">
<doc>Closes all open browsers and resets the browser cache.</doc>
<status status="PASS" start="2026-02-21T00:43:48.116190" elapsed="2.152394"/>
</kw>
<status status="PASS" start="2026-02-21T00:43:37.937136" elapsed="12.331448"/>
</test>
<test id="s1-t3" name="Verify hotel booking form - single fail mobile number" line="42">
<kw name="Open browser student registration form" owner="homepage">
<kw name="Open Browser" owner="SeleniumLibrary">
<msg time="2026-02-21T00:43:50.270582" level="INFO">Opening browser 'chrome' to base url 'https://form.jotform.com/212934779973474'.</msg>
<arg>${WEB_URL}</arg>
<arg>${WEB_BROWSER}</arg>
<doc>Opens a new browser instance to the optional ``url``.</doc>
<status status="PASS" start="2026-02-21T00:43:50.270582" elapsed="6.010004"/>
</kw>
<kw name="Maximize Browser Window" owner="SeleniumLibrary">
<doc>Maximizes current browser window.</doc>
<status status="PASS" start="2026-02-21T00:43:56.280586" elapsed="0.038719"/>
</kw>
<kw name="Sleep" owner="BuiltIn">
<msg time="2026-02-21T00:43:58.319715" level="INFO">Slept 2 seconds.</msg>
<arg>2</arg>
<doc>Pauses the test executed for the given time.</doc>
<status status="PASS" start="2026-02-21T00:43:56.319305" elapsed="2.000410"/>
</kw>
<status status="PASS" start="2026-02-21T00:43:50.270582" elapsed="8.049133"/>
</kw>
<kw name="Wait student registration load complete" owner="homepage">
<kw name="Wait Until Element Contains" owner="SeleniumLibrary">
<arg>//*[@id='header_1']</arg>
<arg>${test_data_form_name}</arg>
<doc>Waits until the element ``locator`` contains ``text``.</doc>
<status status="PASS" start="2026-02-21T00:43:58.321822" elapsed="0.063530"/>
</kw>
<status status="PASS" start="2026-02-21T00:43:58.320823" elapsed="0.064529"/>
</kw>
<kw name="Input and verify firstname" owner="homepage">
<kw name="Input Text" owner="SeleniumLibrary">
<msg time="2026-02-21T00:43:58.387419" level="INFO">Typing text 'studentFirstName' into text field '//*[@id='input_48']'.</msg>
<arg>//*[@id='input_48']</arg>
<arg>${test_data_firstname}</arg>
<doc>Types the given ``text`` into the text field identified by ``locator``.</doc>
<status status="PASS" start="2026-02-21T00:43:58.387419" elapsed="0.164105"/>
</kw>
<kw name="Get Value" owner="SeleniumLibrary">
<msg time="2026-02-21T00:43:58.563286" level="INFO">${firstname} = studentFirstName</msg>
<var>${firstname}</var>
<arg>//*[@id='input_48']</arg>
<doc>Returns the value attribute of the element identified by ``locator``.</doc>
<status status="PASS" start="2026-02-21T00:43:58.551524" elapsed="0.011762"/>
</kw>
<kw name="Should Be Equal" owner="BuiltIn">
<arg>${firstname}</arg>
<arg>${test_data_firstname}</arg>
<doc>Fails if the given objects are unequal.</doc>
<status status="PASS" start="2026-02-21T00:43:58.563286" elapsed="0.001481"/>
</kw>
<status status="PASS" start="2026-02-21T00:43:58.386464" elapsed="0.178303"/>
</kw>
<kw name="Input and verify lastname" owner="homepage">
<kw name="Input Text" owner="SeleniumLibrary">
<msg time="2026-02-21T00:43:58.565776" level="INFO">Typing text 'studentFirstName' into text field '//*[@id='input_49']'.</msg>
<arg>//*[@id='input_49']</arg>
<arg>${test_data_firstname}</arg>
<doc>Types the given ``text`` into the text field identified by ``locator``.</doc>
<status status="PASS" start="2026-02-21T00:43:58.564767" elapsed="0.176961"/>
</kw>
<kw name="Get Value" owner="SeleniumLibrary">
<msg time="2026-02-21T00:43:58.753734" level="INFO">${lastname} = studentFirstName</msg>
<var>${lastname}</var>
<arg>//*[@id='input_49']</arg>
<doc>Returns the value attribute of the element identified by ``locator``.</doc>
<status status="PASS" start="2026-02-21T00:43:58.742747" elapsed="0.010987"/>
</kw>
<kw name="Should Be Equal" owner="BuiltIn">
<arg>${lastname}</arg>
<arg>${test_data_firstname}</arg>
<doc>Fails if the given objects are unequal.</doc>
<status status="PASS" start="2026-02-21T00:43:58.753734" elapsed="0.000000"/>
</kw>
<status status="PASS" start="2026-02-21T00:43:58.564767" elapsed="0.188967"/>
</kw>
<kw name="Select From List By Label" owner="SeleniumLibrary">
<msg time="2026-02-21T00:43:58.754754" level="INFO">Selecting options from selection list 'id=input_3' by label Male.</msg>
<arg>id=input_3</arg>
<arg>Male</arg>
<doc>Selects options from selection list ``locator`` by ``labels``.</doc>
<status status="PASS" start="2026-02-21T00:43:58.754754" elapsed="0.245024"/>
</kw>
<kw name="Input and verify student_id" owner="homepage">
<kw name="Input Text" owner="SeleniumLibrary">
<msg time="2026-02-21T00:43:59.001797" level="INFO">Typing text '6299999999' into text field '//*[@id='input_14']'.</msg>
<arg>//*[@id='input_14']</arg>
<arg>${test_data_student_id}</arg>
<doc>Types the given ``text`` into the text field identified by ``locator``.</doc>
<status status="PASS" start="2026-02-21T00:43:59.000778" elapsed="0.129119"/>
</kw>
<kw name="Get Value" owner="SeleniumLibrary">
<msg time="2026-02-21T00:43:59.143502" level="INFO">${student_id} = 6299999999</msg>
<var>${student_id}</var>
<arg>//*[@id='input_14']</arg>
<doc>Returns the value attribute of the element identified by ``locator``.</doc>
<status status="PASS" start="2026-02-21T00:43:59.129897" elapsed="0.013605"/>
</kw>
<kw name="Should Be Equal" owner="BuiltIn">
<arg>${student_id}</arg>
<arg>${test_data_student_id}</arg>
<doc>Fails if the given objects are unequal.</doc>
<status status="PASS" start="2026-02-21T00:43:59.143502" elapsed="0.001004"/>
</kw>
<status status="PASS" start="2026-02-21T00:43:59.000778" elapsed="0.143728"/>
</kw>
<kw name="Input and verify email" owner="homepage">
<kw name="Input Text" owner="SeleniumLibrary">
<msg time="2026-02-21T00:43:59.145502" level="INFO">Typing text 'studentName@chula.ac.th' into text field '//*[@id='input_6']'.</msg>
<arg>//*[@id='input_6']</arg>
<arg>${test_data_email}</arg>
<doc>Types the given ``text`` into the text field identified by ``locator``.</doc>
<status status="PASS" start="2026-02-21T00:43:59.145502" elapsed="0.167394"/>
</kw>
<kw name="Get Value" owner="SeleniumLibrary">
<msg time="2026-02-21T00:43:59.328246" level="INFO">${email} = studentName@chula.ac.th</msg>
<var>${email}</var>
<arg>//*[@id='input_6']</arg>
<doc>Returns the value attribute of the element identified by ``locator``.</doc>
<status status="PASS" start="2026-02-21T00:43:59.312896" elapsed="0.015350"/>
</kw>
<kw name="Should Be Equal" owner="BuiltIn">
<arg>${email}</arg>
<arg>${test_data_email}</arg>
<doc>Fails if the given objects are unequal.</doc>
<status status="PASS" start="2026-02-21T00:43:59.328808" elapsed="0.000586"/>
</kw>
<status status="PASS" start="2026-02-21T00:43:59.145502" elapsed="0.184483"/>
</kw>
<kw name="Click Element" owner="commonKeywords">
<kw name="Wait Until Element Is Visible" owner="SeleniumLibrary">
<arg>${locator}</arg>
<arg>timeout=${timeout}</arg>
<doc>Waits until the element ``locator`` is visible.</doc>
<status status="PASS" start="2026-02-21T00:43:59.334719" elapsed="0.030511"/>
</kw>
<kw name="Click Element" owner="SeleniumLibrary">
<msg time="2026-02-21T00:43:59.366250" level="INFO">Clicking element 'id=label_input_51_0'.</msg>
<arg>${locator}</arg>
<doc>Click the element identified by ``locator``.</doc>
<status status="PASS" start="2026-02-21T00:43:59.365230" elapsed="0.092496"/>
</kw>
<arg>id=label_input_51_0</arg>
<doc>${locator} - could be any selenium locator and webelement object
${timeout} - &lt;optional&gt;
Make sure that 15 can be accessed globally</doc>
<status status="PASS" start="2026-02-21T00:43:59.334127" elapsed="0.123599"/>
</kw>
<kw name="Click submit application" owner="homepage">
<kw name="Wait Until Element Is Visible" owner="SeleniumLibrary">
<arg>//*[@id='form-pagebreak-next_76']</arg>
<doc>Waits until the element ``locator`` is visible.</doc>
<status status="PASS" start="2026-02-21T00:43:59.458735" elapsed="0.020683"/>
</kw>
<kw name="Click Element" owner="commonKeywords">
<kw name="Wait Until Element Is Visible" owner="SeleniumLibrary">
<arg>${locator}</arg>
<arg>timeout=${timeout}</arg>
<doc>Waits until the element ``locator`` is visible.</doc>
<status status="PASS" start="2026-02-21T00:43:59.481940" elapsed="0.037650"/>
</kw>
<kw name="Click Element" owner="SeleniumLibrary">
<msg time="2026-02-21T00:43:59.519590" level="INFO">Clicking element '//*[@id='form-pagebreak-next_76']'.</msg>
<arg>${locator}</arg>
<doc>Click the element identified by ``locator``.</doc>
<status status="PASS" start="2026-02-21T00:43:59.519590" elapsed="0.059212"/>
</kw>
<arg>//*[@id='form-pagebreak-next_76']</arg>
<doc>${locator} - could be any selenium locator and webelement object
${timeout} - &lt;optional&gt;
Make sure that 15 can be accessed globally</doc>
<status status="PASS" start="2026-02-21T00:43:59.480927" elapsed="0.097875"/>
</kw>
<status status="PASS" start="2026-02-21T00:43:59.458735" elapsed="0.120067"/>
</kw>
<kw name="Element Should Contain" owner="SeleniumLibrary">
<msg time="2026-02-21T00:43:59.616196" level="INFO">Element 'id=error-message_input_27_full' contains text 'This field is required.'.</msg>
<arg>id=error-message_input_27_full</arg>
<arg>This field is required.</arg>
<doc>Verifies that element ``locator`` contains text ``expected``.</doc>
<status status="PASS" start="2026-02-21T00:43:59.580804" elapsed="0.035392"/>
</kw>
<kw name="Close All Browsers" owner="SeleniumLibrary" type="TEARDOWN">
<doc>Closes all open browsers and resets the browser cache.</doc>
<status status="PASS" start="2026-02-21T00:43:59.616196" elapsed="2.184056"/>
</kw>
<status status="PASS" start="2026-02-21T00:43:50.269583" elapsed="11.530669"/>
</test>
<test id="s1-t4" name="Verify hotel booking form - single fail email" line="58">
<kw name="Open browser student registration form" owner="homepage">
<kw name="Open Browser" owner="SeleniumLibrary">
<msg time="2026-02-21T00:44:01.803366" level="INFO">Opening browser 'chrome' to base url 'https://form.jotform.com/212934779973474'.</msg>
<arg>${WEB_URL}</arg>
<arg>${WEB_BROWSER}</arg>
<doc>Opens a new browser instance to the optional ``url``.</doc>
<status status="PASS" start="2026-02-21T00:44:01.802347" elapsed="6.419984"/>
</kw>
<kw name="Maximize Browser Window" owner="SeleniumLibrary">
<doc>Maximizes current browser window.</doc>
<status status="PASS" start="2026-02-21T00:44:08.222331" elapsed="0.030364"/>
</kw>
<kw name="Sleep" owner="BuiltIn">
<msg time="2026-02-21T00:44:10.255009" level="INFO">Slept 2 seconds.</msg>
<arg>2</arg>
<doc>Pauses the test executed for the given time.</doc>
<status status="PASS" start="2026-02-21T00:44:08.253692" elapsed="2.001317"/>
</kw>
<status status="PASS" start="2026-02-21T00:44:01.802347" elapsed="8.453289"/>
</kw>
<kw name="Wait student registration load complete" owner="homepage">
<kw name="Wait Until Element Contains" owner="SeleniumLibrary">
<arg>//*[@id='header_1']</arg>
<arg>${test_data_form_name}</arg>
<doc>Waits until the element ``locator`` contains ``text``.</doc>
<status status="PASS" start="2026-02-21T00:44:10.256660" elapsed="0.045655"/>
</kw>
<status status="PASS" start="2026-02-21T00:44:10.256660" elapsed="0.046656"/>
</kw>
<kw name="Input and verify firstname" owner="homepage">
<kw name="Input Text" owner="SeleniumLibrary">
<msg time="2026-02-21T00:44:10.305321" level="INFO">Typing text 'studentFirstName' into text field '//*[@id='input_48']'.</msg>
<arg>//*[@id='input_48']</arg>
<arg>${test_data_firstname}</arg>
<doc>Types the given ``text`` into the text field identified by ``locator``.</doc>
<status status="PASS" start="2026-02-21T00:44:10.304345" elapsed="0.151923"/>
</kw>
<kw name="Get Value" owner="SeleniumLibrary">
<msg time="2026-02-21T00:44:10.479271" level="INFO">${firstname} = studentFirstName</msg>
<var>${firstname}</var>
<arg>//*[@id='input_48']</arg>
<doc>Returns the value attribute of the element identified by ``locator``.</doc>
<status status="PASS" start="2026-02-21T00:44:10.456268" elapsed="0.023003"/>
</kw>
<kw name="Should Be Equal" owner="BuiltIn">
<arg>${firstname}</arg>
<arg>${test_data_firstname}</arg>
<doc>Fails if the given objects are unequal.</doc>
<status status="PASS" start="2026-02-21T00:44:10.480273" elapsed="0.001019"/>
</kw>
<status status="PASS" start="2026-02-21T00:44:10.303316" elapsed="0.177976"/>
</kw>
<kw name="Input and verify lastname" owner="homepage">
<kw name="Input Text" owner="SeleniumLibrary">
<msg time="2026-02-21T00:44:10.483385" level="INFO">Typing text 'studentFirstName' into text field '//*[@id='input_49']'.</msg>
<arg>//*[@id='input_49']</arg>
<arg>${test_data_firstname}</arg>
<doc>Types the given ``text`` into the text field identified by ``locator``.</doc>
<status status="PASS" start="2026-02-21T00:44:10.483385" elapsed="0.122057"/>
</kw>
<kw name="Get Value" owner="SeleniumLibrary">
<msg time="2026-02-21T00:44:10.620746" level="INFO">${lastname} = studentFirstName</msg>
<var>${lastname}</var>
<arg>//*[@id='input_49']</arg>
<doc>Returns the value attribute of the element identified by ``locator``.</doc>
<status status="PASS" start="2026-02-21T00:44:10.605442" elapsed="0.015304"/>
</kw>
<kw name="Should Be Equal" owner="BuiltIn">
<arg>${lastname}</arg>
<arg>${test_data_firstname}</arg>
<doc>Fails if the given objects are unequal.</doc>
<status status="PASS" start="2026-02-21T00:44:10.621730" elapsed="0.000000"/>
</kw>
<status status="PASS" start="2026-02-21T00:44:10.482286" elapsed="0.140458"/>
</kw>
<kw name="Select From List By Label" owner="SeleniumLibrary">
<msg time="2026-02-21T00:44:10.623744" level="INFO">Selecting options from selection list 'id=input_3' by label Male.</msg>
<arg>id=input_3</arg>
<arg>Male</arg>
<doc>Selects options from selection list ``locator`` by ``labels``.</doc>
<status status="PASS" start="2026-02-21T00:44:10.622744" elapsed="0.237412"/>
</kw>
<kw name="Input and verify student_id" owner="homepage">
<kw name="Input Text" owner="SeleniumLibrary">
<msg time="2026-02-21T00:44:10.862157" level="INFO">Typing text '6299999999' into text field '//*[@id='input_14']'.</msg>
<arg>//*[@id='input_14']</arg>
<arg>${test_data_student_id}</arg>
<doc>Types the given ``text`` into the text field identified by ``locator``.</doc>
<status status="PASS" start="2026-02-21T00:44:10.862157" elapsed="0.142463"/>
</kw>
<kw name="Get Value" owner="SeleniumLibrary">
<msg time="2026-02-21T00:44:11.015692" level="INFO">${student_id} = 6299999999</msg>
<var>${student_id}</var>
<arg>//*[@id='input_14']</arg>
<doc>Returns the value attribute of the element identified by ``locator``.</doc>
<status status="PASS" start="2026-02-21T00:44:11.004620" elapsed="0.011072"/>
</kw>
<kw name="Should Be Equal" owner="BuiltIn">
<arg>${student_id}</arg>
<arg>${test_data_student_id}</arg>
<doc>Fails if the given objects are unequal.</doc>
<status status="PASS" start="2026-02-21T00:44:11.015692" elapsed="0.000000"/>
</kw>
<status status="PASS" start="2026-02-21T00:44:10.861159" elapsed="0.154533"/>
</kw>
<kw name="Input and verify mobile_number" owner="homepage">
<kw name="Input Text" owner="SeleniumLibrary">
<msg time="2026-02-21T00:44:11.016706" level="INFO">Typing text '0899999999' into text field '//*[@id='input_27_full']'.</msg>
<arg>//*[@id='input_27_full']</arg>
<arg>${test_data_mobile_number}</arg>
<doc>Types the given ``text`` into the text field identified by ``locator``.</doc>
<status status="PASS" start="2026-02-21T00:44:11.016706" elapsed="0.163931"/>
</kw>
<kw name="Get Value" owner="SeleniumLibrary">
<msg time="2026-02-21T00:44:11.192181" level="INFO">${mobile_number} = (089) 999-9999</msg>
<var>${mobile_number}</var>
<arg>//*[@id='input_27_full']</arg>
<doc>Returns the value attribute of the element identified by ``locator``.</doc>
<status status="PASS" start="2026-02-21T00:44:11.180637" elapsed="0.011544"/>
</kw>
<kw name="Should Be Equal" owner="BuiltIn">
<arg>${mobile_number}</arg>
<arg>(089) 999-9999</arg>
<doc>Fails if the given objects are unequal.</doc>
<status status="PASS" start="2026-02-21T00:44:11.192181" elapsed="0.000000"/>
</kw>
<status status="PASS" start="2026-02-21T00:44:11.016706" elapsed="0.175475"/>
</kw>
<kw name="Click Element" owner="commonKeywords">
<kw name="Wait Until Element Is Visible" owner="SeleniumLibrary">
<arg>${locator}</arg>
<arg>timeout=${timeout}</arg>
<doc>Waits until the element ``locator`` is visible.</doc>
<status status="PASS" start="2026-02-21T00:44:11.194199" elapsed="0.017982"/>
</kw>
<kw name="Click Element" owner="SeleniumLibrary">
<msg time="2026-02-21T00:44:11.213655" level="INFO">Clicking element 'id=label_input_51_0'.</msg>
<arg>${locator}</arg>
<doc>Click the element identified by ``locator``.</doc>
<status status="PASS" start="2026-02-21T00:44:11.213655" elapsed="0.108023"/>
</kw>
<arg>id=label_input_51_0</arg>
<doc>${locator} - could be any selenium locator and webelement object
${timeout} - &lt;optional&gt;
Make sure that 15 can be accessed globally</doc>
<status status="PASS" start="2026-02-21T00:44:11.193180" elapsed="0.128498"/>
</kw>
<kw name="Click submit application" owner="homepage">
<kw name="Wait Until Element Is Visible" owner="SeleniumLibrary">
<arg>//*[@id='form-pagebreak-next_76']</arg>
<doc>Waits until the element ``locator`` is visible.</doc>
<status status="PASS" start="2026-02-21T00:44:11.322689" elapsed="0.035598"/>
</kw>
<kw name="Click Element" owner="commonKeywords">
<kw name="Wait Until Element Is Visible" owner="SeleniumLibrary">
<arg>${locator}</arg>
<arg>timeout=${timeout}</arg>
<doc>Waits until the element ``locator`` is visible.</doc>
<status status="PASS" start="2026-02-21T00:44:11.362334" elapsed="0.028940"/>
</kw>
<kw name="Click Element" owner="SeleniumLibrary">
<msg time="2026-02-21T00:44:11.392259" level="INFO">Clicking element '//*[@id='form-pagebreak-next_76']'.</msg>
<arg>${locator}</arg>
<doc>Click the element identified by ``locator``.</doc>
<status status="PASS" start="2026-02-21T00:44:11.391274" elapsed="0.110035"/>
</kw>
<arg>//*[@id='form-pagebreak-next_76']</arg>
<doc>${locator} - could be any selenium locator and webelement object
${timeout} - &lt;optional&gt;
Make sure that 15 can be accessed globally</doc>
<status status="PASS" start="2026-02-21T00:44:11.361327" elapsed="0.139982"/>
</kw>
<status status="PASS" start="2026-02-21T00:44:11.322689" elapsed="0.178620"/>
</kw>
<kw name="Element Should Contain" owner="SeleniumLibrary">
<msg time="2026-02-21T00:44:11.532647" level="INFO">Element 'id=error-message_input_6' contains text 'This field is required.'.</msg>
<arg>id=error-message_input_6</arg>
<arg>This field is required.</arg>
<doc>Verifies that element ``locator`` contains text ``expected``.</doc>
<status status="PASS" start="2026-02-21T00:44:11.502739" elapsed="0.029908"/>
</kw>
<kw name="Close All Browsers" owner="SeleniumLibrary" type="TEARDOWN">
<doc>Closes all open browsers and resets the browser cache.</doc>
<status status="PASS" start="2026-02-21T00:44:11.533540" elapsed="2.170730"/>
</kw>
<status status="PASS" start="2026-02-21T00:44:01.801241" elapsed="11.903925"/>
</test>
<status status="PASS" start="2026-02-21T00:43:25.585251" elapsed="48.120913"/>
</suite>
<statistics>
<total>
<stat pass="4" fail="0" skip="0">All Tests</stat>
</total>
<tag>
</tag>
<suite>
<stat name="Hw Single Fail" id="s1" pass="4" fail="0" skip="0">Hw Single Fail</stat>
</suite>
</statistics>
<errors>
<msg time="2026-02-21T00:43:25.771656" level="WARN">Error in file 'C:\Users\User\OneDrive\Documents\Prine Class\cu_robot_framework\keywords\ui\page\homepage.robot' on line 1: Singular section headers like '*** Setting ***' are deprecated. Use plural format like '*** Settings ***' instead.</msg>
</errors>
</robot>
